Determining if the pthread_create exist failed with the following output:
Change Dir: /home/grant/Desktop/CS480/cs480Hooks/PA1/build/CMakeFiles/CMakeTmp

Run Build Command:/usr/bin/make "cmTryCompileExec2716190766/fast"
/usr/bin/make -f CMakeFiles/cmTryCompileExec2716190766.dir/build.make CMakeFiles/cmTryCompileExec2716190766.dir/build
make[1]: Entering directory `/home/grant/Desktop/CS480/cs480Hooks/PA1/build/CMakeFiles/CMakeTmp'
/usr/bin/cmake -E cmake_progress_report /home/grant/Desktop/CS480/cs480Hooks/PA1/build/CMakeFiles/CMakeTmp/CMakeFiles 1
Building C object CMakeFiles/cmTryCompileExec2716190766.dir/CheckSymbolExists.c.o
/usr/bin/cc    -o CMakeFiles/cmTryCompileExec2716190766.dir/CheckSymbolExists.c.o   -c /home/grant/Desktop/CS480/cs480Hooks/PA1/build/CMakeFiles/CMakeTmp/CheckSymbolExists.c
Linking C executable cmTryCompileExec2716190766
/usr/bin/cmake -E cmake_link_script CMakeFiles/cmTryCompileExec2716190766.dir/link.txt --verbose=1
/usr/bin/cc       CMakeFiles/cmTryCompileExec2716190766.dir/CheckSymbolExists.c.o  -o cmTryCompileExec2716190766 -rdynamic 
CMakeFiles/cmTryCompileExec2716190766.dir/CheckSymbolExists.c.o: In function `main':
CheckSymbolExists.c:(.text+0x16): undefined reference to `pthread_create'
collect2: error: ld returned 1 exit status
make[1]: *** [cmTryCompileExec2716190766] Error 1
make[1]: Leaving directory `/home/grant/Desktop/CS480/cs480Hooks/PA1/build/CMakeFiles/CMakeTmp'
make: *** [cmTryCompileExec2716190766/fast] Error 2

File /home/grant/Desktop/CS480/cs480Hooks/PA1/build/CMakeFiles/CMakeTmp/CheckSymbolExists.c:
/* */
#include <pthread.h>

int main(int argc, char** argv)
{
  (void)argv;
#ifndef pthread_create
  return ((int*)(&pthread_create))[argc];
#else
  (void)argc;
  return 0;
#endif
}

Determining if the function pthread_create exists in the pthreads failed with the following output:
Change Dir: /home/grant/Desktop/CS480/cs480Hooks/PA1/build/CMakeFiles/CMakeTmp

Run Build Command:/usr/bin/make "cmTryCompileExec3503518764/fast"
/usr/bin/make -f CMakeFiles/cmTryCompileExec3503518764.dir/build.make CMakeFiles/cmTryCompileExec3503518764.dir/build
make[1]: Entering directory `/home/grant/Desktop/CS480/cs480Hooks/PA1/build/CMakeFiles/CMakeTmp'
/usr/bin/cmake -E cmake_progress_report /home/grant/Desktop/CS480/cs480Hooks/PA1/build/CMakeFiles/CMakeTmp/CMakeFiles 1
Building C object CMakeFiles/cmTryCompileExec3503518764.dir/CheckFunctionExists.c.o
/usr/bin/cc   -DCHECK_FUNCTION_EXISTS=pthread_create   -o CMakeFiles/cmTryCompileExec3503518764.dir/CheckFunctionExists.c.o   -c /usr/share/cmake-2.8/Modules/CheckFunctionExists.c
Linking C executable cmTryCompileExec3503518764
/usr/bin/cmake -E cmake_link_script CMakeFiles/cmTryCompileExec3503518764.dir/link.txt --verbose=1
/usr/bin/cc   -DCHECK_FUNCTION_EXISTS=pthread_create    CMakeFiles/cmTryCompileExec3503518764.dir/CheckFunctionExists.c.o  -o cmTryCompileExec3503518764 -rdynamic -lpthreads 
/usr/bin/ld: cannot find -lpthreads
collect2: error: ld returned 1 exit status
make[1]: *** [cmTryCompileExec3503518764] Error 1
make[1]: Leaving directory `/home/grant/Desktop/CS480/cs480Hooks/PA1/build/CMakeFiles/CMakeTmp'
make: *** [cmTryCompileExec3503518764/fast] Error 2


