Determining if the pthread_create exist failed with the following output:
Change Dir: /home/grant/Desktop/CS480/cs480Hooks/PA4_2/build/CMakeFiles/CMakeTmp

Run Build Command:/usr/bin/make "cmTryCompileExec1254950684/fast"
/usr/bin/make -f CMakeFiles/cmTryCompileExec1254950684.dir/build.make CMakeFiles/cmTryCompileExec1254950684.dir/build
make[1]: Entering directory `/home/grant/Desktop/CS480/cs480Hooks/PA4_2/build/CMakeFiles/CMakeTmp'
/usr/bin/cmake -E cmake_progress_report /home/grant/Desktop/CS480/cs480Hooks/PA4_2/build/CMakeFiles/CMakeTmp/CMakeFiles 1
Building C object CMakeFiles/cmTryCompileExec1254950684.dir/CheckSymbolExists.c.o
/usr/bin/cc    -o CMakeFiles/cmTryCompileExec1254950684.dir/CheckSymbolExists.c.o   -c /home/grant/Desktop/CS480/cs480Hooks/PA4_2/build/CMakeFiles/CMakeTmp/CheckSymbolExists.c
Linking C executable cmTryCompileExec1254950684
/usr/bin/cmake -E cmake_link_script CMakeFiles/cmTryCompileExec1254950684.dir/link.txt --verbose=1
/usr/bin/cc       CMakeFiles/cmTryCompileExec1254950684.dir/CheckSymbolExists.c.o  -o cmTryCompileExec1254950684 -rdynamic 
CMakeFiles/cmTryCompileExec1254950684.dir/CheckSymbolExists.c.o: In function `main':
CheckSymbolExists.c:(.text+0x16): undefined reference to `pthread_create'
collect2: error: ld returned 1 exit status
make[1]: *** [cmTryCompileExec1254950684] Error 1
make[1]: Leaving directory `/home/grant/Desktop/CS480/cs480Hooks/PA4_2/build/CMakeFiles/CMakeTmp'
make: *** [cmTryCompileExec1254950684/fast] Error 2

File /home/grant/Desktop/CS480/cs480Hooks/PA4_2/build/CMakeFiles/CMakeTmp/CheckSymbolExists.c:
/* */
#include <pthread.h>

int main(int argc, char** argv)
{
  (void)argv;
#ifndef pthread_create
  return ((int*)(&pthread_create))[argc];
#else
  (void)argc;
  return 0;
#endif
}

Determining if the function pthread_create exists in the pthreads failed with the following output:
Change Dir: /home/grant/Desktop/CS480/cs480Hooks/PA4_2/build/CMakeFiles/CMakeTmp

Run Build Command:/usr/bin/make "cmTryCompileExec1197572179/fast"
/usr/bin/make -f CMakeFiles/cmTryCompileExec1197572179.dir/build.make CMakeFiles/cmTryCompileExec1197572179.dir/build
make[1]: Entering directory `/home/grant/Desktop/CS480/cs480Hooks/PA4_2/build/CMakeFiles/CMakeTmp'
/usr/bin/cmake -E cmake_progress_report /home/grant/Desktop/CS480/cs480Hooks/PA4_2/build/CMakeFiles/CMakeTmp/CMakeFiles 1
Building C object CMakeFiles/cmTryCompileExec1197572179.dir/CheckFunctionExists.c.o
/usr/bin/cc   -DCHECK_FUNCTION_EXISTS=pthread_create   -o CMakeFiles/cmTryCompileExec1197572179.dir/CheckFunctionExists.c.o   -c /usr/share/cmake-2.8/Modules/CheckFunctionExists.c
Linking C executable cmTryCompileExec1197572179
/usr/bin/cmake -E cmake_link_script CMakeFiles/cmTryCompileExec1197572179.dir/link.txt --verbose=1
/usr/bin/cc   -DCHECK_FUNCTION_EXISTS=pthread_create    CMakeFiles/cmTryCompileExec1197572179.dir/CheckFunctionExists.c.o  -o cmTryCompileExec1197572179 -rdynamic -lpthreads 
/usr/bin/ld: cannot find -lpthreads
collect2: error: ld returned 1 exit status
make[1]: *** [cmTryCompileExec1197572179] Error 1
make[1]: Leaving directory `/home/grant/Desktop/CS480/cs480Hooks/PA4_2/build/CMakeFiles/CMakeTmp'
make: *** [cmTryCompileExec1197572179/fast] Error 2


